/bin/sh: 1: /datadrive/naver.sh: not found
/bin/sh: 1: /datadrive/naver.sh: not found
/bin/sh: 1: /datadrive/Crontab/naver.sh: Permission denied
/bin/sh: 1: /datadrive/Crontab/naver.sh: Permission denied
/bin/sh: 1: /datadrive/Crontab/naver.sh: Permission denied
/bin/sh: 1: /datadrive/Crontab/naver.sh: Permission denied
/bin/sh: 1: /datadrive/Crontab/naver.sh: Permission denied
/bin/sh: 1: /datadrive/Crontab/naver.sh: Permission denied
/bin/sh: 1: /datadrive/Crontab/naver.sh: Permission denied
/bin/sh: 1: /datadrive/Crontab/naver.sh: Permission denied
/bin/sh: 1: /datadrive/Crontab/naver.sh: Permission denied
/bin/sh: 1: /datadrive/Crontab/naver.sh: Permission denied
/bin/sh: 1: /datadrive/Crontab/naver.sh: Permission denied
/bin/sh: 1: /datadrive/Crontab/naver.sh: Permission denied
/bin/sh: 1: /datadrive/Crontab/naver.sh: Permission denied
/bin/sh: 1: /datadrive/Crontab/naver.sh: Permission denied
/bin/sh: 1: /datadrive/Crontab/naver.sh: Permission denied
/bin/sh: 1: /datadrive/Crontab/naver.sh: Permission denied
/bin/sh: 1: /datadrive/Crontab/naver.sh: Permission denied
/bin/sh: 1: /datadrive/Crontab/naver.sh: Permission denied
/bin/sh: 1: /datadrive/Crontab/naver.sh: Permission denied
/bin/sh: 1: /datadrive/Crontab/naver.sh: Permission denied
/bin/sh: 1: /datadrive/Crontab/naver.sh: Permission denied
/bin/sh: 1: /datadrive/Crontab/naver.sh: Permission denied
/bin/sh: 1: /datadrive/Crontab/naver.sh: Permission denied
/bin/sh: 1: /datadrive/Crontab/naver.sh: Permission denied
/bin/sh: 1: /datadrive/Crontab/naver.sh: Permission denied
/bin/sh: 1: /datadrive/Crontab/naver.sh: Permission denied
/bin/sh: 1: /datadrive/Crontab/naver.sh: Permission denied
/bin/sh: 1: /datadrive/Crontab/naver.sh: Permission denied
/bin/sh: 1: /datadrive/Crontab/naver.sh: Permission denied
/bin/sh: 1: /datadrive/Crontab/naver.sh: Permission denied
/bin/sh: 1: /datadrive/Crontab/naver.sh: Permission denied
/bin/sh: 1: /datadrive/Crontab/naver.sh: Permission denied
/bin/sh: 1: /datadrive/Crontab/naver.sh: Permission denied
/bin/sh: 1: /datadrive/Crontab/naver.sh: Permission denied
/bin/sh: 1: /datadrive/Crontab/naver.sh: Permission denied
/bin/sh: 1: /datadrive/Crontab/naver.sh: Permission denied
/bin/sh: 1: /datadrive/Crontab/naver.sh: Permission denied
/bin/sh: 1: /datadrive/Crontab/naver.sh: Permission denied
/bin/sh: 1: /datadrive/Crontab/naver.sh: Permission denied
/bin/sh: 1: /datadrive/Crontab/naver.sh: Permission denied
/bin/sh: 1: /datadrive/Crontab/naver.sh: Permission denied
/bin/sh: 1: /datadrive/Crontab/naver.sh: Permission denied
/bin/sh: 1: /datadrive/Crontab/naver.sh: Permission denied
/bin/sh: 1: /datadrive/Crontab/naver.sh: Permission denied
/bin/sh: 1: /datadrive/Crontab/naver.sh: Permission denied
/bin/sh: 1: /datadrive/Crontab/naver.sh: Permission denied
/bin/sh: 1: /datadrive/Crontab/naver.sh: Permission denied
/bin/sh: 1: /datadrive/Crontab/naver.sh: Permission denied
/bin/sh: 1: /datadrive/Crontab/naver.sh: Permission denied
/bin/sh: 1: /datadrive/Crontab/naver.sh: Permission denied
/bin/sh: 1: /datadrive/Crontab/naver.sh: Permission denied
/bin/sh: 1: /datadrive/Crontab/naver.sh: Permission denied
/bin/sh: 1: /datadrive/Crontab/naver.sh: Permission denied
/bin/sh: 1: /datadrive/Crontab/naver.sh: Permission denied
/bin/sh: 1: /datadrive/Crontab/naver.sh: Permission denied
/bin/sh: 1: /datadrive/Crontab/naver.sh: Permission denied
/bin/sh: 1: /datadrive/Crontab/naver.sh: Permission denied
/bin/sh: 1: /datadrive/Crontab/naver.sh: Permission denied
/bin/sh: 1: /datadrive/Crontab/naver.sh: Permission denied
/bin/sh: 1: /datadrive/Crontab/naver.sh: Permission denied
/bin/sh: 1: /datadrive/Crontab/naver.sh: Permission denied
/bin/sh: 1: /datadrive/Crontab/naver.sh: Permission denied
/bin/sh: 1: /datadrive/Crontab/naver.sh: Permission denied
/bin/sh: 1: /datadrive/Crontab/naver.sh: Permission denied
Traceback (most recent call last):
  File "/datadrive/Crontab/naver_database_ads.py", line 21, in <module>
    import signaturehelper
ModuleNotFoundError: No module named 'signaturehelper'
Traceback (most recent call last):
  File "/datadrive/Crontab/naver_database_ads.py", line 22, in <module>
    import pandas as pd
ModuleNotFoundError: No module named 'pandas'
Traceback (most recent call last):
  File "/datadrive/Crontab/naver_database_ads.py", line 22, in <module>
    import pandas as pd
ModuleNotFoundError: No module named 'pandas'
Traceback (most recent call last):
  File "/datadrive/Crontab/naver.sh", line 2, in <module>
    python3 /datadrive/Crontab/naver_database_ads.py 
NameError: name 'python3' is not defined
/bin/sh: 1: PYTHONPATH: not found
Traceback (most recent call last):
  File "/datadrive/Crontab/naver_database_ads.py", line 22, in <module>
    import pandas as pd
ModuleNotFoundError: No module named 'pandas'
Traceback (most recent call last):
  File "/datadrive/Crontab/naver_database_ads.py", line 22, in <module>
    import pandas as pd
ModuleNotFoundError: No module named 'pandas'
Traceback (most recent call last):
  File "/datadrive/Crontab/naver.sh", line 2, in <module>
    python3 /datadrive/Crontab/naver_database_ads.py 
NameError: name 'python3' is not defined
Traceback (most recent call last):
  File "/datadrive/Crontab/naver.sh", line 2, in <module>
    python3 /datadrive/Crontab/naver_database_ads.py 
NameError: name 'python3' is not defined
Traceback (most recent call last):
  File "/datadrive/Crontab/naver.sh", line 2, in <module>
    python /datadrive/Crontab/naver_database_ads.py 
NameError: name 'python' is not defined
Traceback (most recent call last):
  File "/datadrive/Crontab/naver.sh", line 2, in <module>
    python3 /datadrive/Crontab/naver_database_ads.py 
NameError: name 'python3' is not defined
Traceback (most recent call last):
  File "/datadrive/Crontab/naver_database_ads.py", line 22, in <module>
    import pandas as pd
ModuleNotFoundError: No module named 'pandas'
Traceback (most recent call last):
  File "/datadrive/Crontab/naver_database_ads.py", line 22, in <module>
    import pandas as pd
ModuleNotFoundError: No module named 'pandas'
Traceback (most recent call last):
  File "/datadrive/Crontab/naver.sh", line 2, in <module>
    python3 /datadrive/Crontab/naver_database_ads.py 
NameError: name 'python3' is not defined
Traceback (most recent call last):
  File "/datadrive/Crontab/naver_database_ads.py", line 22, in <module>
    import pandas as pd
ModuleNotFoundError: No module named 'pandas'
Traceback (most recent call last):
  File "/datadrive/Crontab/naver_database_ads.py", line 22, in <module>
    import pandas as pd
ModuleNotFoundError: No module named 'pandas'
Traceback (most recent call last):
  File "/datadrive/Crontab/naver_database_ads.py", line 341, in <module>
    "ctr" :FlOAT,
NameError: name 'FlOAT' is not defined
Traceback (most recent call last):
  File "/datadrive/Crontab/naver_database_ads.py", line 341, in <module>
    "ctr" :FlOAT,
NameError: name 'FlOAT' is not defined
Traceback (most recent call last):
  File "/datadrive/Crontab/naver_database_ads.py", line 22, in <module>
    import pandas as pd
ModuleNotFoundError: No module named 'pandas'
2021-05-26 15:00:01
2021-05-26 16:00:01
2021-05-26 17:00:01
2021-05-26 18:00:01
2021-05-26 19:00:01
2021-05-26 20:00:01
2021-05-26 21:00:01
2021-05-26 22:00:01
2021-05-26 23:00:01
2021-05-27 04:00:01
2021-05-27 05:00:02
2021-05-27 06:00:01
2021-05-27 07:00:01
2021-05-27 08:00:01
2021-05-27 09:59:01
2021-05-27 10:00:01
2021-05-27 11:00:01
2021-05-27 12:00:01
2021-05-27 13:00:01
2021-05-27 14:00:01
2021-05-27 15:00:01
2021-05-27 16:00:01
2021-05-27 17:00:01
2021-05-27 18:00:01
2021-05-27 19:00:01
2021-05-27 20:00:01
2021-05-27 21:00:01
2021-05-27 22:00:01
2021-05-27 23:00:01
2021-05-28 04:00:01
2021-05-28 05:00:01
2021-05-28 06:00:01
2021-05-28 07:00:01
2021-05-28 08:00:01
2021-05-28 09:59:01
2021-05-28 10:00:01
2021-05-28 11:00:01
2021-05-28 12:00:01
2021-05-28 13:00:01
2021-05-28 14:00:01
2021-05-28 15:00:01
2021-05-28 16:00:01
2021-05-28 17:00:01
2021-05-28 18:00:01
2021-05-28 19:00:01
2021-05-28 20:00:01
2021-05-28 21:00:01
2021-05-28 22:00:01
2021-05-28 23:00:01
2021-05-29 04:00:01
2021-05-29 05:00:01
2021-05-29 06:00:01
2021-05-29 07:00:01
2021-05-29 08:00:01
2021-05-29 09:59:01
2021-05-29 10:00:01
2021-05-29 11:00:01
2021-05-29 12:00:01
2021-05-29 13:00:01
2021-05-29 14:00:01
2021-05-29 15:00:01
2021-05-29 16:00:01
2021-05-29 17:00:01
2021-05-29 18:00:01
2021-05-29 19:00:01
2021-05-29 20:00:01
2021-05-29 21:00:01
2021-05-29 22:00:01
2021-05-29 23:00:01
2021-05-30 04:00:01
2021-05-30 05:00:01
2021-05-30 06:00:01
2021-05-30 07:00:01
2021-05-30 08:00:01
2021-05-30 09:59:01
2021-05-30 10:00:01
2021-05-30 11:00:01
2021-05-30 12:00:01
2021-05-30 13:00:01
2021-05-30 14:00:01
2021-05-30 15:00:01
2021-05-30 16:00:01
2021-05-30 17:00:01
2021-05-30 18:00:01
2021-05-30 19:00:01
2021-05-30 20:00:01
2021-05-30 21:00:01
2021-05-30 22:00:01
2021-05-30 23:00:01
2021-05-31 04:00:01
2021-05-31 05:00:01
2021-05-31 06:00:01
2021-05-31 07:00:01
2021-05-31 08:00:01
2021-05-31 09:59:01
2021-05-31 10:00:01
2021-05-31 11:00:01
2021-05-31 12:00:01
2021-05-31 13:00:01
2021-05-31 14:00:01
2021-05-31 15:00:01
2021-05-31 16:00:01
2021-05-31 17:00:01
2021-05-31 18:00:02
2021-05-31 19:00:01
2021-05-31 20:00:01
2021-05-31 21:00:01
2021-05-31 22:00:01
2021-05-31 23:00:01
2021-06-01 04:00:01
2021-06-01 05:00:01
2021-06-01 06:00:01
2021-06-01 07:00:01
2021-06-01 08:00:01
2021-06-01 09:59:01
2021-06-01 10:00:01
2021-06-01 11:00:01
2021-06-01 12:00:01
2021-06-01 13:00:01
2021-06-01 14:00:01
2021-06-01 15:00:01
2021-06-01 16:00:01
2021-06-01 17:00:01
2021-06-01 18:00:01
2021-06-01 19:00:01
2021-06-01 20:00:01
2021-06-01 21:00:01
2021-06-01 22:00:01
2021-06-01 23:00:01
2021-06-02 04:00:01
2021-06-02 05:00:01
2021-06-02 06:00:01
2021-06-02 07:00:01
2021-06-02 08:00:01
2021-06-02 09:59:01
2021-06-02 10:00:01
2021-06-02 11:00:01
2021-06-02 12:00:01
2021-06-02 13:00:01
2021-06-02 14:00:01
2021-06-02 15:00:01
2021-06-02 16:00:01
2021-06-02 17:00:01
2021-06-02 18:00:01
2021-06-02 19:00:01
2021-06-02 20:00:01
2021-06-02 21:00:01
2021-06-02 22:00:01
2021-06-02 23:00:01
2021-06-03 04:00:01
2021-06-03 05:00:01
2021-06-03 06:00:01
2021-06-03 07:00:01
2021-06-03 08:00:01
2021-06-03 09:59:01
2021-06-03 10:00:01
2021-06-03 11:00:01
2021-06-03 12:00:01
2021-06-03 13:00:01
2021-06-03 14:00:01
2021-06-03 15:00:01
2021-06-03 16:00:01
2021-06-03 17:00:01
2021-06-03 18:00:01
2021-06-03 19:00:01
2021-06-03 20:00:01
2021-06-03 21:00:01
2021-06-03 22:00:01
2021-06-03 23:00:01
2021-06-04 04:00:01
2021-06-04 05:00:01
2021-06-04 06:00:01
2021-06-04 07:00:01
2021-06-04 08:00:01
2021-06-04 09:59:02
2021-06-04 10:00:01
2021-06-04 11:00:01
2021-06-04 12:00:01
2021-06-04 13:00:01
2021-06-04 14:00:01
2021-06-04 15:00:01
2021-06-04 16:00:01
2021-06-04 17:00:01
2021-06-04 18:00:01
2021-06-04 19:00:01
2021-06-04 20:00:01
2021-06-04 21:00:01
2021-06-04 22:00:01
2021-06-04 23:00:01
2021-06-05 04:00:01
2021-06-05 05:00:01
2021-06-05 06:00:01
2021-06-05 07:00:01
2021-06-05 08:00:01
2021-06-05 09:59:01
2021-06-05 10:00:01
2021-06-05 11:00:01
2021-06-05 12:00:01
2021-06-05 13:00:01
2021-06-05 14:00:01
2021-06-05 15:00:01
2021-06-05 16:00:01
2021-06-05 17:00:01
2021-06-05 18:00:01
2021-06-05 19:00:01
2021-06-05 20:00:01
2021-06-05 21:00:01
2021-06-05 22:00:01
2021-06-05 23:00:01
2021-06-06 04:00:01
2021-06-06 05:00:01
2021-06-06 06:00:01
2021-06-06 07:00:01
2021-06-06 08:00:01
2021-06-06 09:59:01
2021-06-06 10:00:01
2021-06-06 11:00:01
2021-06-06 12:00:01
2021-06-06 13:00:01
2021-06-06 14:00:01
2021-06-06 15:00:01
2021-06-06 16:00:01
2021-06-06 17:00:01
2021-06-06 18:00:01
2021-06-06 19:00:01
2021-06-06 20:00:01
2021-06-06 21:00:01
2021-06-06 22:00:01
2021-06-06 23:00:01
2021-06-07 04:00:01
2021-06-07 05:00:01
2021-06-07 06:00:01
2021-06-07 07:00:01
2021-06-07 08:00:01
2021-06-07 09:59:01
2021-06-07 10:00:01
2021-06-08 18:00:01
2021-06-08 19:00:01
2021-06-08 20:00:01
2021-06-08 21:00:01
2021-06-08 22:00:01
2021-06-08 23:00:01
2021-06-09 04:00:01
2021-06-09 05:00:01
2021-06-09 06:00:01
2021-06-09 07:00:01
2021-06-09 08:00:01
2021-06-09 09:59:01
2021-06-09 10:00:01
2021-06-09 11:00:01
2021-06-09 12:00:01
2021-06-09 13:00:01
2021-06-09 14:00:01
2021-06-09 15:00:01
2021-06-09 16:00:01
2021-06-09 17:00:01
2021-06-09 18:00:01
2021-06-09 19:00:01
2021-06-09 20:00:01
2021-06-09 21:00:01
2021-06-09 22:00:01
2021-06-09 23:00:01
2021-06-10 04:00:01
2021-06-10 05:00:01
2021-06-10 06:00:01
2021-06-10 07:00:01
2021-06-10 08:00:01
2021-06-10 09:00:01
2021-06-10 10:00:01
2021-06-10 11:00:01
2021-06-10 12:00:01
2021-06-10 13:00:01
2021-06-10 14:00:01
2021-06-10 15:00:01
2021-06-10 16:00:01
2021-06-10 17:00:01
2021-06-10 18:00:01
2021-06-10 19:00:01
2021-06-10 20:00:01
2021-06-10 21:00:01
2021-06-10 22:00:01
2021-06-10 23:00:01
2021-06-11 04:00:01
2021-06-11 05:00:01
2021-06-11 06:00:01
2021-06-11 07:00:01
2021-06-11 08:00:01
2021-06-11 09:00:01
2021-06-11 10:00:01
2021-06-11 11:00:01
2021-06-11 12:00:01
2021-06-11 13:00:01
2021-06-11 14:00:01
2021-06-11 15:00:01
2021-06-11 16:00:01
2021-06-11 17:00:01
2021-06-11 18:00:01
2021-06-11 19:00:01
2021-06-11 20:00:01
2021-06-11 21:00:01
2021-06-11 22:00:01
2021-06-11 23:00:01
2021-06-12 04:00:01
2021-06-12 05:00:01
2021-06-12 06:00:01
2021-06-12 07:00:01
2021-06-12 08:00:01
2021-06-12 09:00:01
2021-06-12 10:00:01
2021-06-12 11:00:01
2021-06-12 12:00:01
2021-06-12 13:00:01
2021-06-12 14:00:01
2021-06-12 15:00:01
2021-06-12 16:00:01
2021-06-12 17:00:01
2021-06-12 18:00:01
2021-06-12 19:00:01
2021-06-12 20:00:01
2021-06-12 21:00:01
2021-06-12 22:00:01
2021-06-12 23:00:01
2021-06-13 04:00:01
2021-06-13 05:00:01
2021-06-13 06:00:01
2021-06-13 07:00:01
2021-06-13 08:00:01
2021-06-13 09:00:01
2021-06-13 10:00:01
2021-06-13 11:00:01
2021-06-13 12:00:01
2021-06-13 13:00:01
2021-06-13 14:00:01
2021-06-13 15:00:01
2021-06-13 16:00:01
2021-06-13 17:00:01
2021-06-13 18:00:01
2021-06-13 19:00:01
2021-06-13 20:00:01
2021-06-13 21:00:01
2021-06-13 22:00:01
2021-06-13 23:00:01
2021-06-14 04:00:01
2021-06-14 05:00:01
2021-06-14 06:00:01
2021-06-14 07:00:01
2021-06-14 08:00:01
2021-06-14 09:00:01
2021-06-14 10:00:01
2021-06-14 11:00:01
2021-06-14 12:00:01
2021-06-14 13:00:01
2021-06-14 14:00:01
2021-06-14 15:00:01
2021-06-14 16:00:01
2021-06-14 17:00:01
